<?xml version="1.0" encoding="UTF-8"?>
<coverage generated="1781327576372" clover="3.2.0">
  <project timestamp="1781327576372" name="All files">
    <metrics statements="19" coveredstatements="15" conditionals="6" coveredconditionals="4" methods="9" coveredmethods="4" elements="34" coveredelements="23" complexity="0" loc="19" ncloc="19" packages="2" files="2" classes="2"/>
    <package name="components">
      <metrics statements="15" coveredstatements="11" conditionals="6" coveredconditionals="4" methods="6" coveredmethods="1"/>
      <file name="RestaurantMenu.jsx" path="D:\Ayush\React\food-app\src\components\RestaurantMenu.jsx">
        <metrics statements="15" coveredstatements="11" conditionals="6" coveredconditionals="4" methods="6" coveredmethods="1"/>
        <line num="9" count="2" type="stmt"/>
        <line num="10" count="2" type="stmt"/>
        <line num="12" count="2" type="stmt"/>
        <line num="14" count="2" type="cond" truecount="2" falsecount="0"/>
        <line num="16" count="1" type="stmt"/>
        <line num="19" count="1" type="stmt"/>
        <line num="20" count="0" type="stmt"/>
        <line num="22" count="0" type="stmt"/>
        <line num="29" count="1" type="stmt"/>
        <line num="31" count="1" type="stmt"/>
        <line num="32" count="0" type="stmt"/>
        <line num="35" count="1" type="stmt"/>
        <line num="38" count="1" type="cond" truecount="2" falsecount="0"/>
        <line num="40" count="1" type="stmt"/>
        <line num="60" count="0" type="stmt"/>
      </file>
    </package>
    <package name="mocks">
      <metrics statements="4" coveredstatements="4" conditionals="0" coveredconditionals="0" methods="3" coveredmethods="3"/>
      <file name="fetchMock.js" path="D:\Ayush\React\food-app\src\mocks\fetchMock.js">
        <metrics statements="4" coveredstatements="4" conditionals="0" coveredconditionals="0" methods="3" coveredmethods="3"/>
        <line num="1" count="2" type="stmt"/>
        <line num="2" count="3" type="stmt"/>
        <line num="3" count="3" type="stmt"/>
        <line num="4" count="3" type="stmt"/>
      </file>
    </package>
  </project>
</coverage>
