{"D:\\Ayush\\React\\food-app\\src\\components\\RestaurantMenu.jsx": {"path":"D:\\Ayush\\React\\food-app\\src\\components\\RestaurantMenu.jsx","statementMap":{"0":{"start":{"line":9,"column":52},"end":{"line":9,"column":66}},"1":{"start":{"line":10,"column":20},"end":{"line":10,"column":31}},"2":{"start":{"line":12,"column":18},"end":{"line":12,"column":42}},"3":{"start":{"line":14,"column":2},"end":{"line":14,"column":43}},"4":{"start":{"line":14,"column":24},"end":{"line":14,"column":43}},"5":{"start":{"line":16,"column":26},"end":{"line":17,"column":47}},"6":{"start":{"line":16,"column":54},"end":{"line":16,"column":68}},"7":{"start":{"line":19,"column":22},"end":{"line":27,"column":4}},"8":{"start":{"line":20,"column":17},"end":{"line":20,"column":30}},"9":{"start":{"line":22,"column":4},"end":{"line":26,"column":6}},"10":{"start":{"line":29,"column":2},"end":{"line":29,"column":47}},"11":{"start":{"line":31,"column":27},"end":{"line":33,"column":3}},"12":{"start":{"line":32,"column":14},"end":{"line":32,"column":42}},"13":{"start":{"line":35,"column":19},"end":{"line":35,"column":73}},"14":{"start":{"line":35,"column":50},"end":{"line":35,"column":72}},"15":{"start":{"line":38,"column":4},"end":{"line":38,"column":36}},"16":{"start":{"line":40,"column":2},"end":{"line":73,"column":4}},"17":{"start":{"line":60,"column":12},"end":{"line":68,"column":14}}},"fnMap":{"0":{"name":"RestaurantMenu","decl":{"start":{"line":8,"column":24},"end":{"line":8,"column":38}},"loc":{"start":{"line":8,"column":41},"end":{"line":74,"column":1}},"line":8},"1":{"name":"(anonymous_1)","decl":{"start":{"line":16,"column":47},"end":{"line":16,"column":48}},"loc":{"start":{"line":16,"column":54},"end":{"line":16,"column":68}},"line":16},"2":{"name":"(anonymous_2)","decl":{"start":{"line":19,"column":46},"end":{"line":19,"column":47}},"loc":{"start":{"line":19,"column":53},"end":{"line":27,"column":3}},"line":19},"3":{"name":"(anonymous_3)","decl":{"start":{"line":32,"column":4},"end":{"line":32,"column":5}},"loc":{"start":{"line":32,"column":14},"end":{"line":32,"column":42}},"line":32},"4":{"name":"(anonymous_4)","decl":{"start":{"line":35,"column":40},"end":{"line":35,"column":41}},"loc":{"start":{"line":35,"column":50},"end":{"line":35,"column":72}},"line":35},"5":{"name":"(anonymous_5)","decl":{"start":{"line":59,"column":30},"end":{"line":59,"column":31}},"loc":{"start":{"line":59,"column":50},"end":{"line":69,"column":11}},"line":59}},"branchMap":{"0":{"loc":{"start":{"line":14,"column":2},"end":{"line":14,"column":43}},"type":"if","locations":[{"start":{"line":14,"column":2},"end":{"line":14,"column":43}},{"start":{},"end":{}}],"line":14},"1":{"loc":{"start":{"line":23,"column":6},"end":{"line":25,"column":65}},"type":"binary-expr","locations":[{"start":{"line":23,"column":6},"end":{"line":24,"column":70}},{"start":{"line":25,"column":6},"end":{"line":25,"column":65}}],"line":23},"2":{"loc":{"start":{"line":38,"column":4},"end":{"line":38,"column":36}},"type":"binary-expr","locations":[{"start":{"line":38,"column":4},"end":{"line":38,"column":30}},{"start":{"line":38,"column":34},"end":{"line":38,"column":36}}],"line":38}},"s":{"0":2,"1":2,"2":2,"3":2,"4":1,"5":1,"6":0,"7":1,"8":0,"9":0,"10":1,"11":1,"12":0,"13":1,"14":0,"15":1,"16":1,"17":0},"f":{"0":2,"1":0,"2":0,"3":0,"4":0,"5":0},"b":{"0":[1,1],"1":[0,0],"2":[1,1]},"_coverageSchema":"1a1c01bbd47fc00a2c39e90264f33305004495a9","hash":"4964551da3820d0159068de75efccbe782f8e28c"}
,"D:\\Ayush\\React\\food-app\\src\\mocks\\fetchMock.js": {"path":"D:\\Ayush\\React\\food-app\\src\\mocks\\fetchMock.js","statementMap":{"0":{"start":{"line":1,"column":18},"end":{"line":7,"column":1}},"1":{"start":{"line":2,"column":2},"end":{"line":6,"column":4}},"2":{"start":{"line":3,"column":4},"end":{"line":5,"column":6}},"3":{"start":{"line":4,"column":18},"end":{"line":4,"column":39}}},"fnMap":{"0":{"name":"(anonymous_0)","decl":{"start":{"line":1,"column":18},"end":{"line":1,"column":19}},"loc":{"start":{"line":1,"column":28},"end":{"line":7,"column":1}},"line":1},"1":{"name":"(anonymous_1)","decl":{"start":{"line":2,"column":25},"end":{"line":2,"column":26}},"loc":{"start":{"line":3,"column":4},"end":{"line":5,"column":6}},"line":3},"2":{"name":"(anonymous_2)","decl":{"start":{"line":4,"column":12},"end":{"line":4,"column":13}},"loc":{"start":{"line":4,"column":18},"end":{"line":4,"column":39}},"line":4}},"branchMap":{},"s":{"0":2,"1":3,"2":3,"3":3},"f":{"0":3,"1":3,"2":3},"b":{},"_coverageSchema":"1a1c01bbd47fc00a2c39e90264f33305004495a9","hash":"2a1d9370be39ebd66120e7b4c89baebdb59ddfc4"}
}
