{"D:\\Ayush\\React\\food-app\\src\\components\\Contact.jsx": {"path":"D:\\Ayush\\React\\food-app\\src\\components\\Contact.jsx","statementMap":{"0":{"start":{"line":4,"column":23},"end":{"line":25,"column":3}},"1":{"start":{"line":27,"column":2},"end":{"line":79,"column":4}},"2":{"start":{"line":64,"column":14},"end":{"line":66,"column":23}}},"fnMap":{"0":{"name":"Contact","decl":{"start":{"line":3,"column":24},"end":{"line":3,"column":31}},"loc":{"start":{"line":3,"column":34},"end":{"line":80,"column":1}},"line":3},"1":{"name":"(anonymous_1)","decl":{"start":{"line":63,"column":30},"end":{"line":63,"column":31}},"loc":{"start":{"line":64,"column":14},"end":{"line":66,"column":23}},"line":64}},"branchMap":{},"s":{"0":4,"1":4,"2":80},"f":{"0":4,"1":80},"b":{},"_coverageSchema":"1a1c01bbd47fc00a2c39e90264f33305004495a9","hash":"30ca57bcbcf103a517e11f34821b0422b9667ad5"}
,"D:\\Ayush\\React\\food-app\\src\\components\\Header.jsx": {"path":"D:\\Ayush\\React\\food-app\\src\\components\\Header.jsx","statementMap":{"0":{"start":{"line":11,"column":20},"end":{"line":11,"column":60}},"1":{"start":{"line":11,"column":43},"end":{"line":11,"column":59}},"2":{"start":{"line":13,"column":19},"end":{"line":18,"column":3}},"3":{"start":{"line":20,"column":44},"end":{"line":20,"column":59}},"4":{"start":{"line":21,"column":32},"end":{"line":21,"column":47}},"5":{"start":{"line":24,"column":4},"end":{"line":24,"column":37}},"6":{"start":{"line":28,"column":4},"end":{"line":28,"column":25}},"7":{"start":{"line":31,"column":27},"end":{"line":31,"column":50}},"8":{"start":{"line":33,"column":2},"end":{"line":70,"column":4}},"9":{"start":{"line":43,"column":10},"end":{"line":45,"column":15}}},"fnMap":{"0":{"name":"Header","decl":{"start":{"line":10,"column":24},"end":{"line":10,"column":30}},"loc":{"start":{"line":10,"column":33},"end":{"line":71,"column":1}},"line":10},"1":{"name":"(anonymous_1)","decl":{"start":{"line":11,"column":32},"end":{"line":11,"column":33}},"loc":{"start":{"line":11,"column":43},"end":{"line":11,"column":59}},"line":11},"2":{"name":"toggleSidebar","decl":{"start":{"line":23,"column":11},"end":{"line":23,"column":24}},"loc":{"start":{"line":23,"column":27},"end":{"line":25,"column":3}},"line":23},"3":{"name":"handleLogin","decl":{"start":{"line":27,"column":11},"end":{"line":27,"column":22}},"loc":{"start":{"line":27,"column":25},"end":{"line":29,"column":3}},"line":27},"4":{"name":"(anonymous_4)","decl":{"start":{"line":42,"column":22},"end":{"line":42,"column":23}},"loc":{"start":{"line":43,"column":10},"end":{"line":45,"column":15}},"line":43}},"branchMap":{"0":{"loc":{"start":{"line":53,"column":13},"end":{"line":53,"column":41}},"type":"cond-expr","locations":[{"start":{"line":53,"column":23},"end":{"line":53,"column":31}},{"start":{"line":53,"column":34},"end":{"line":53,"column":41}}],"line":53},"1":{"loc":{"start":{"line":65,"column":9},"end":{"line":67,"column":9}},"type":"binary-expr","locations":[{"start":{"line":65,"column":9},"end":{"line":65,"column":22}},{"start":{"line":66,"column":10},"end":{"line":66,"column":71}}],"line":65}},"s":{"0":5,"1":9,"2":5,"3":5,"4":5,"5":0,"6":1,"7":5,"8":5,"9":20},"f":{"0":5,"1":9,"2":0,"3":1,"4":20},"b":{"0":[1,4],"1":[5,0]},"_coverageSchema":"1a1c01bbd47fc00a2c39e90264f33305004495a9","hash":"09d8783b9af10f83a72a41597e0a408b0cb23132"}
,"D:\\Ayush\\React\\food-app\\src\\components\\Home.jsx": {"path":"D:\\Ayush\\React\\food-app\\src\\components\\Home.jsx","statementMap":{"0":{"start":{"line":14,"column":33},"end":{"line":14,"column":62}},"1":{"start":{"line":16,"column":28},"end":{"line":16,"column":42}},"2":{"start":{"line":17,"column":50},"end":{"line":17,"column":62}},"3":{"start":{"line":18,"column":54},"end":{"line":18,"column":66}},"4":{"start":{"line":19,"column":32},"end":{"line":19,"column":46}},"5":{"start":{"line":20,"column":40},"end":{"line":20,"column":63}},"6":{"start":{"line":22,"column":2},"end":{"line":24,"column":9}},"7":{"start":{"line":23,"column":4},"end":{"line":23,"column":16}},"8":{"start":{"line":27,"column":4},"end":{"line":52,"column":5}},"9":{"start":{"line":28,"column":6},"end":{"line":28,"column":23}},"10":{"start":{"line":29,"column":6},"end":{"line":29,"column":21}},"11":{"start":{"line":31,"column":19},"end":{"line":31,"column":39}},"12":{"start":{"line":33,"column":19},"end":{"line":33,"column":36}},"13":{"start":{"line":36,"column":8},"end":{"line":39,"column":58}},"14":{"start":{"line":37,"column":23},"end":{"line":37,"column":36}},"15":{"start":{"line":38,"column":24},"end":{"line":38,"column":67}},"16":{"start":{"line":41,"column":28},"end":{"line":44,"column":9}},"17":{"start":{"line":41,"column":62},"end":{"line":44,"column":7}},"18":{"start":{"line":46,"column":6},"end":{"line":46,"column":41}},"19":{"start":{"line":47,"column":6},"end":{"line":47,"column":43}},"20":{"start":{"line":49,"column":6},"end":{"line":49,"column":30}},"21":{"start":{"line":51,"column":6},"end":{"line":51,"column":24}},"22":{"start":{"line":55,"column":23},"end":{"line":55,"column":40}},"23":{"start":{"line":56,"column":2},"end":{"line":62,"column":3}},"24":{"start":{"line":57,"column":4},"end":{"line":61,"column":6}},"25":{"start":{"line":64,"column":2},"end":{"line":119,"column":4}},"26":{"start":{"line":77,"column":27},"end":{"line":77,"column":54}},"27":{"start":{"line":93,"column":29},"end":{"line":93,"column":78}},"28":{"start":{"line":102,"column":14},"end":{"line":113,"column":21}}},"fnMap":{"0":{"name":"Home","decl":{"start":{"line":13,"column":24},"end":{"line":13,"column":28}},"loc":{"start":{"line":13,"column":31},"end":{"line":120,"column":1}},"line":13},"1":{"name":"(anonymous_1)","decl":{"start":{"line":22,"column":12},"end":{"line":22,"column":13}},"loc":{"start":{"line":22,"column":18},"end":{"line":24,"column":3}},"line":22},"2":{"name":"fetchData","decl":{"start":{"line":26,"column":17},"end":{"line":26,"column":26}},"loc":{"start":{"line":26,"column":29},"end":{"line":53,"column":3}},"line":26},"3":{"name":"(anonymous_3)","decl":{"start":{"line":37,"column":16},"end":{"line":37,"column":17}},"loc":{"start":{"line":37,"column":23},"end":{"line":37,"column":36}},"line":37},"4":{"name":"(anonymous_4)","decl":{"start":{"line":38,"column":17},"end":{"line":38,"column":18}},"loc":{"start":{"line":38,"column":24},"end":{"line":38,"column":67}},"line":38},"5":{"name":"(anonymous_5)","decl":{"start":{"line":41,"column":52},"end":{"line":41,"column":53}},"loc":{"start":{"line":41,"column":62},"end":{"line":44,"column":7}},"line":41},"6":{"name":"(anonymous_6)","decl":{"start":{"line":77,"column":20},"end":{"line":77,"column":21}},"loc":{"start":{"line":77,"column":27},"end":{"line":77,"column":54}},"line":77},"7":{"name":"(anonymous_7)","decl":{"start":{"line":93,"column":19},"end":{"line":93,"column":20}},"loc":{"start":{"line":93,"column":29},"end":{"line":93,"column":78}},"line":93},"8":{"name":"(anonymous_8)","decl":{"start":{"line":101,"column":35},"end":{"line":101,"column":36}},"loc":{"start":{"line":102,"column":14},"end":{"line":113,"column":21}},"line":102}},"branchMap":{"0":{"loc":{"start":{"line":36,"column":8},"end":{"line":39,"column":58}},"type":"binary-expr","locations":[{"start":{"line":36,"column":8},"end":{"line":39,"column":52}},{"start":{"line":39,"column":56},"end":{"line":39,"column":58}}],"line":36},"1":{"loc":{"start":{"line":41,"column":29},"end":{"line":41,"column":46}},"type":"binary-expr","locations":[{"start":{"line":41,"column":29},"end":{"line":41,"column":40}},{"start":{"line":41,"column":44},"end":{"line":41,"column":46}}],"line":41},"2":{"loc":{"start":{"line":43,"column":24},"end":{"line":43,"column":72}},"type":"binary-expr","locations":[{"start":{"line":43,"column":24},"end":{"line":43,"column":65}},{"start":{"line":43,"column":69},"end":{"line":43,"column":72}}],"line":43},"3":{"loc":{"start":{"line":56,"column":2},"end":{"line":62,"column":3}},"type":"if","locations":[{"start":{"line":56,"column":2},"end":{"line":62,"column":3}},{"start":{},"end":{}}],"line":56},"4":{"loc":{"start":{"line":90,"column":11},"end":{"line":115,"column":11}},"type":"cond-expr","locations":[{"start":{"line":91,"column":12},"end":{"line":93,"column":79}},{"start":{"line":94,"column":14},"end":{"line":115,"column":11}}],"line":90},"5":{"loc":{"start":{"line":94,"column":14},"end":{"line":115,"column":11}},"type":"cond-expr","locations":[{"start":{"line":95,"column":12},"end":{"line":95,"column":35}},{"start":{"line":96,"column":14},"end":{"line":115,"column":11}}],"line":94},"6":{"loc":{"start":{"line":96,"column":14},"end":{"line":115,"column":11}},"type":"cond-expr","locations":[{"start":{"line":97,"column":12},"end":{"line":99,"column":16}},{"start":{"line":101,"column":12},"end":{"line":114,"column":14}}],"line":96},"7":{"loc":{"start":{"line":108,"column":17},"end":{"line":112,"column":17}},"type":"cond-expr","locations":[{"start":{"line":109,"column":18},"end":{"line":109,"column":58}},{"start":{"line":111,"column":18},"end":{"line":111,"column":50}}],"line":108}},"s":{"0":3,"1":3,"2":3,"3":3,"4":3,"5":3,"6":3,"7":2,"8":2,"9":2,"10":2,"11":2,"12":2,"13":2,"14":24,"15":4,"16":2,"17":40,"18":2,"19":2,"20":0,"21":2,"22":3,"23":3,"24":0,"25":3,"26":0,"27":16,"28":20},"f":{"0":3,"1":2,"2":2,"3":24,"4":4,"5":40,"6":0,"7":16,"8":20},"b":{"0":[2,0],"1":[2,0],"2":[40,0],"3":[0,3],"4":[2,1],"5":[0,1],"6":[0,1],"7":[0,20]},"_coverageSchema":"1a1c01bbd47fc00a2c39e90264f33305004495a9","hash":"42249abd013851175c5b306bf3b593e773be6fe6"}
,"D:\\Ayush\\React\\food-app\\src\\components\\ItemFilter.jsx": {"path":"D:\\Ayush\\React\\food-app\\src\\components\\ItemFilter.jsx","statementMap":{"0":{"start":{"line":5,"column":16},"end":{"line":5,"column":30}},"1":{"start":{"line":7,"column":21},"end":{"line":7,"column":42}},"2":{"start":{"line":9,"column":4},"end":{"line":13,"column":5}},"3":{"start":{"line":10,"column":6},"end":{"line":10,"column":51}},"4":{"start":{"line":10,"column":32},"end":{"line":10,"column":49}},"5":{"start":{"line":11,"column":11},"end":{"line":13,"column":5}},"6":{"start":{"line":12,"column":6},"end":{"line":12,"column":51}},"7":{"start":{"line":12,"column":32},"end":{"line":12,"column":49}},"8":{"start":{"line":15,"column":4},"end":{"line":15,"column":38}},"9":{"start":{"line":18,"column":2},"end":{"line":28,"column":4}}},"fnMap":{"0":{"name":"ItemFilter","decl":{"start":{"line":3,"column":24},"end":{"line":3,"column":34}},"loc":{"start":{"line":3,"column":78},"end":{"line":29,"column":1}},"line":3},"1":{"name":"priceFilter","decl":{"start":{"line":4,"column":11},"end":{"line":4,"column":22}},"loc":{"start":{"line":4,"column":26},"end":{"line":16,"column":3}},"line":4},"2":{"name":"(anonymous_2)","decl":{"start":{"line":10,"column":22},"end":{"line":10,"column":23}},"loc":{"start":{"line":10,"column":32},"end":{"line":10,"column":49}},"line":10},"3":{"name":"(anonymous_3)","decl":{"start":{"line":12,"column":22},"end":{"line":12,"column":23}},"loc":{"start":{"line":12,"column":32},"end":{"line":12,"column":49}},"line":12}},"branchMap":{"0":{"loc":{"start":{"line":9,"column":4},"end":{"line":13,"column":5}},"type":"if","locations":[{"start":{"line":9,"column":4},"end":{"line":13,"column":5}},{"start":{"line":11,"column":11},"end":{"line":13,"column":5}}],"line":9},"1":{"loc":{"start":{"line":11,"column":11},"end":{"line":13,"column":5}},"type":"if","locations":[{"start":{"line":11,"column":11},"end":{"line":13,"column":5}},{"start":{},"end":{}}],"line":11}},"s":{"0":0,"1":0,"2":0,"3":0,"4":0,"5":0,"6":0,"7":0,"8":0,"9":3},"f":{"0":3,"1":0,"2":0,"3":0},"b":{"0":[0,0],"1":[0,0]},"_coverageSchema":"1a1c01bbd47fc00a2c39e90264f33305004495a9","hash":"f811284f54b79661d3b47ad8b398bf9e308171ee"}
,"D:\\Ayush\\React\\food-app\\src\\components\\PromotedLabel.jsx": {"path":"D:\\Ayush\\React\\food-app\\src\\components\\PromotedLabel.jsx","statementMap":{"0":{"start":{"line":4,"column":22},"end":{"line":13,"column":1}},"1":{"start":{"line":5,"column":2},"end":{"line":12,"column":4}},"2":{"start":{"line":6,"column":4},"end":{"line":11,"column":6}}},"fnMap":{"0":{"name":"(anonymous_0)","decl":{"start":{"line":4,"column":22},"end":{"line":4,"column":23}},"loc":{"start":{"line":4,"column":42},"end":{"line":13,"column":1}},"line":4},"1":{"name":"(anonymous_1)","decl":{"start":{"line":5,"column":9},"end":{"line":5,"column":10}},"loc":{"start":{"line":5,"column":20},"end":{"line":12,"column":3}},"line":5}},"branchMap":{},"s":{"0":2,"1":4,"2":1},"f":{"0":4,"1":1},"b":{},"_coverageSchema":"1a1c01bbd47fc00a2c39e90264f33305004495a9","hash":"55dfdde2e439ca93d7203c674b710dbb82d385d1"}
,"D:\\Ayush\\React\\food-app\\src\\components\\RestaurantCard.jsx": {"path":"D:\\Ayush\\React\\food-app\\src\\components\\RestaurantCard.jsx","statementMap":{"0":{"start":{"line":5,"column":4},"end":{"line":5,"column":17}},"1":{"start":{"line":7,"column":23},"end":{"line":7,"column":37}},"2":{"start":{"line":9,"column":2},"end":{"line":9,"column":22}},"3":{"start":{"line":11,"column":13},"end":{"line":11,"column":45}},"4":{"start":{"line":13,"column":2},"end":{"line":29,"column":4}}},"fnMap":{"0":{"name":"RestaurantCard","decl":{"start":{"line":3,"column":24},"end":{"line":3,"column":38}},"loc":{"start":{"line":3,"column":52},"end":{"line":30,"column":1}},"line":3}},"branchMap":{},"s":{"0":22,"1":22,"2":22,"3":22,"4":22},"f":{"0":22},"b":{},"_coverageSchema":"1a1c01bbd47fc00a2c39e90264f33305004495a9","hash":"24b592233449da6fc1e246e4eebb348ae22f60b3"}
,"D:\\Ayush\\React\\food-app\\src\\components\\SearchBar.jsx": {"path":"D:\\Ayush\\React\\food-app\\src\\components\\SearchBar.jsx","statementMap":{"0":{"start":{"line":4,"column":38},"end":{"line":4,"column":50}},"1":{"start":{"line":7,"column":25},"end":{"line":9,"column":6}},"2":{"start":{"line":8,"column":6},"end":{"line":8,"column":76}},"3":{"start":{"line":10,"column":4},"end":{"line":10,"column":40}},"4":{"start":{"line":12,"column":2},"end":{"line":31,"column":4}},"5":{"start":{"line":20,"column":25},"end":{"line":20,"column":54}},"6":{"start":{"line":22,"column":10},"end":{"line":24,"column":11}},"7":{"start":{"line":23,"column":12},"end":{"line":23,"column":27}}},"fnMap":{"0":{"name":"SearchBar","decl":{"start":{"line":3,"column":24},"end":{"line":3,"column":33}},"loc":{"start":{"line":3,"column":79},"end":{"line":32,"column":1}},"line":3},"1":{"name":"searchFilter","decl":{"start":{"line":6,"column":11},"end":{"line":6,"column":23}},"loc":{"start":{"line":6,"column":26},"end":{"line":11,"column":3}},"line":6},"2":{"name":"(anonymous_2)","decl":{"start":{"line":7,"column":49},"end":{"line":7,"column":50}},"loc":{"start":{"line":7,"column":58},"end":{"line":9,"column":5}},"line":7},"3":{"name":"(anonymous_3)","decl":{"start":{"line":20,"column":18},"end":{"line":20,"column":19}},"loc":{"start":{"line":20,"column":25},"end":{"line":20,"column":54}},"line":20},"4":{"name":"(anonymous_4)","decl":{"start":{"line":21,"column":19},"end":{"line":21,"column":20}},"loc":{"start":{"line":21,"column":26},"end":{"line":25,"column":9}},"line":21}},"branchMap":{"0":{"loc":{"start":{"line":22,"column":10},"end":{"line":24,"column":11}},"type":"if","locations":[{"start":{"line":22,"column":10},"end":{"line":24,"column":11}},{"start":{},"end":{}}],"line":22}},"s":{"0":3,"1":0,"2":0,"3":0,"4":3,"5":0,"6":0,"7":0},"f":{"0":3,"1":0,"2":0,"3":0,"4":0},"b":{"0":[0,0]},"_coverageSchema":"1a1c01bbd47fc00a2c39e90264f33305004495a9","hash":"f4f3de357a0e8894a134d7814d8886a5829c9fd1"}
,"D:\\Ayush\\React\\food-app\\src\\components\\Shimmer.jsx": {"path":"D:\\Ayush\\React\\food-app\\src\\components\\Shimmer.jsx","statementMap":{"0":{"start":{"line":2,"column":2},"end":{"line":12,"column":4}}},"fnMap":{"0":{"name":"Shimmer","decl":{"start":{"line":1,"column":24},"end":{"line":1,"column":31}},"loc":{"start":{"line":1,"column":34},"end":{"line":13,"column":1}},"line":1}},"branchMap":{},"s":{"0":16},"f":{"0":16},"b":{},"_coverageSchema":"1a1c01bbd47fc00a2c39e90264f33305004495a9","hash":"43a9328ebbf34ff9a6b80bcdb3ce4f55be8e8533"}
,"D:\\Ayush\\React\\food-app\\src\\components\\SideBar.jsx": {"path":"D:\\Ayush\\React\\food-app\\src\\components\\SideBar.jsx","statementMap":{"0":{"start":{"line":6,"column":2},"end":{"line":28,"column":4}},"1":{"start":{"line":16,"column":10},"end":{"line":18,"column":15}}},"fnMap":{"0":{"name":"SideBar","decl":{"start":{"line":5,"column":24},"end":{"line":5,"column":31}},"loc":{"start":{"line":5,"column":61},"end":{"line":29,"column":1}},"line":5},"1":{"name":"(anonymous_1)","decl":{"start":{"line":15,"column":22},"end":{"line":15,"column":23}},"loc":{"start":{"line":16,"column":10},"end":{"line":18,"column":15}},"line":16}},"branchMap":{},"s":{"0":0,"1":0},"f":{"0":0,"1":0},"b":{},"_coverageSchema":"1a1c01bbd47fc00a2c39e90264f33305004495a9","hash":"67ee26e8f01470bb8b9b661ccb724101b99cd045"}
,"D:\\Ayush\\React\\food-app\\src\\components\\sum.jsx": {"path":"D:\\Ayush\\React\\food-app\\src\\components\\sum.jsx","statementMap":{"0":{"start":{"line":1,"column":19},"end":{"line":3,"column":1}},"1":{"start":{"line":2,"column":4},"end":{"line":2,"column":17}}},"fnMap":{"0":{"name":"(anonymous_0)","decl":{"start":{"line":1,"column":19},"end":{"line":1,"column":20}},"loc":{"start":{"line":1,"column":29},"end":{"line":3,"column":1}},"line":1}},"branchMap":{},"s":{"0":1,"1":1},"f":{"0":1},"b":{},"_coverageSchema":"1a1c01bbd47fc00a2c39e90264f33305004495a9","hash":"6d921350a33744f249eda9d0b60fb55e7be52ce1"}
,"D:\\Ayush\\React\\food-app\\src\\mocks\\fetchMock.js": {"path":"D:\\Ayush\\React\\food-app\\src\\mocks\\fetchMock.js","statementMap":{"0":{"start":{"line":1,"column":18},"end":{"line":9,"column":1}},"1":{"start":{"line":2,"column":2},"end":{"line":8,"column":5}},"2":{"start":{"line":3,"column":4},"end":{"line":7,"column":7}},"3":{"start":{"line":5,"column":8},"end":{"line":5,"column":37}}},"fnMap":{"0":{"name":"(anonymous_0)","decl":{"start":{"line":1,"column":18},"end":{"line":1,"column":19}},"loc":{"start":{"line":1,"column":28},"end":{"line":9,"column":1}},"line":1},"1":{"name":"(anonymous_1)","decl":{"start":{"line":2,"column":25},"end":{"line":2,"column":26}},"loc":{"start":{"line":2,"column":31},"end":{"line":8,"column":3}},"line":2},"2":{"name":"(anonymous_2)","decl":{"start":{"line":4,"column":12},"end":{"line":4,"column":13}},"loc":{"start":{"line":4,"column":18},"end":{"line":6,"column":7}},"line":4}},"branchMap":{},"s":{"0":1,"1":2,"2":2,"3":2},"f":{"0":2,"1":2,"2":2},"b":{},"_coverageSchema":"1a1c01bbd47fc00a2c39e90264f33305004495a9","hash":"ccb12a6442a1223feec7ef6f638108c9b415217d"}
,"D:\\Ayush\\React\\food-app\\src\\utils\\appStore.jsx": {"path":"D:\\Ayush\\React\\food-app\\src\\utils\\appStore.jsx","statementMap":{"0":{"start":{"line":4,"column":17},"end":{"line":8,"column":2}}},"fnMap":{},"branchMap":{},"s":{"0":1},"f":{},"b":{},"_coverageSchema":"1a1c01bbd47fc00a2c39e90264f33305004495a9","hash":"3577c1deb337383ba4fc8b4d7428690fe8a96f30"}
,"D:\\Ayush\\React\\food-app\\src\\utils\\cartSlice.jsx": {"path":"D:\\Ayush\\React\\food-app\\src\\utils\\cartSlice.jsx","statementMap":{"0":{"start":{"line":3,"column":18},"end":{"line":23,"column":2}},"1":{"start":{"line":11,"column":6},"end":{"line":11,"column":39}},"2":{"start":{"line":14,"column":6},"end":{"line":14,"column":24}},"3":{"start":{"line":20,"column":6},"end":{"line":20,"column":27}},"4":{"start":{"line":25,"column":50},"end":{"line":25,"column":67}}},"fnMap":{"0":{"name":"(anonymous_0)","decl":{"start":{"line":9,"column":13},"end":{"line":9,"column":14}},"loc":{"start":{"line":9,"column":32},"end":{"line":12,"column":5}},"line":9},"1":{"name":"(anonymous_1)","decl":{"start":{"line":13,"column":16},"end":{"line":13,"column":17}},"loc":{"start":{"line":13,"column":27},"end":{"line":15,"column":5}},"line":13},"2":{"name":"(anonymous_2)","decl":{"start":{"line":17,"column":15},"end":{"line":17,"column":16}},"loc":{"start":{"line":17,"column":26},"end":{"line":21,"column":5}},"line":17}},"branchMap":{},"s":{"0":1,"1":0,"2":0,"3":0,"4":1},"f":{"0":0,"1":0,"2":0},"b":{},"_coverageSchema":"1a1c01bbd47fc00a2c39e90264f33305004495a9","hash":"cc2e41133d14b66c5e862fc5ccbc0b62c7db93cd"}
,"D:\\Ayush\\React\\food-app\\src\\utils\\constants.jsx": {"path":"D:\\Ayush\\React\\food-app\\src\\utils\\constants.jsx","statementMap":{"0":{"start":{"line":2,"column":2},"end":{"line":2,"column":150}},"1":{"start":{"line":4,"column":2},"end":{"line":4,"column":85}},"2":{"start":{"line":6,"column":24},"end":{"line":6,"column":40}},"3":{"start":{"line":9,"column":2},"end":{"line":9,"column":121}}},"fnMap":{},"branchMap":{},"s":{"0":3,"1":3,"2":3,"3":3},"f":{},"b":{},"_coverageSchema":"1a1c01bbd47fc00a2c39e90264f33305004495a9","hash":"da21873d46e512c60329181c3c6082b03e33f259"}
,"D:\\Ayush\\React\\food-app\\src\\utils\\useOnlineStatus.jsx": {"path":"D:\\Ayush\\React\\food-app\\src\\utils\\useOnlineStatus.jsx","statementMap":{"0":{"start":{"line":4,"column":42},"end":{"line":4,"column":56}},"1":{"start":{"line":6,"column":2},"end":{"line":14,"column":9}},"2":{"start":{"line":7,"column":4},"end":{"line":9,"column":7}},"3":{"start":{"line":8,"column":6},"end":{"line":8,"column":29}},"4":{"start":{"line":11,"column":4},"end":{"line":13,"column":7}},"5":{"start":{"line":12,"column":6},"end":{"line":12,"column":28}},"6":{"start":{"line":16,"column":2},"end":{"line":16,"column":22}}},"fnMap":{"0":{"name":"useOnlineStatus","decl":{"start":{"line":3,"column":24},"end":{"line":3,"column":39}},"loc":{"start":{"line":3,"column":42},"end":{"line":17,"column":1}},"line":3},"1":{"name":"(anonymous_1)","decl":{"start":{"line":6,"column":12},"end":{"line":6,"column":13}},"loc":{"start":{"line":6,"column":18},"end":{"line":14,"column":3}},"line":6},"2":{"name":"(anonymous_2)","decl":{"start":{"line":7,"column":39},"end":{"line":7,"column":40}},"loc":{"start":{"line":7,"column":45},"end":{"line":9,"column":5}},"line":7},"3":{"name":"(anonymous_3)","decl":{"start":{"line":11,"column":38},"end":{"line":11,"column":39}},"loc":{"start":{"line":11,"column":44},"end":{"line":13,"column":5}},"line":11}},"branchMap":{},"s":{"0":3,"1":3,"2":2,"3":0,"4":2,"5":0,"6":3},"f":{"0":3,"1":2,"2":0,"3":0},"b":{},"_coverageSchema":"1a1c01bbd47fc00a2c39e90264f33305004495a9","hash":"95fc9191740ee78d0580823f505ddd863885343e"}
,"D:\\Ayush\\React\\food-app\\src\\utils\\userContext.jsx": {"path":"D:\\Ayush\\React\\food-app\\src\\utils\\userContext.jsx","statementMap":{"0":{"start":{"line":3,"column":20},"end":{"line":5,"column":2}}},"fnMap":{},"branchMap":{},"s":{"0":2},"f":{},"b":{},"_coverageSchema":"1a1c01bbd47fc00a2c39e90264f33305004495a9","hash":"cdd529998d7548fcd618e6cc8daa38f026e1b2ec"}
}
