TN:
SF:src\components\Contact.jsx
FN:3,Contact
FN:63,(anonymous_1)
FNF:2
FNH:2
FNDA:4,Contact
FNDA:80,(anonymous_1)
DA:4,4
DA:27,4
DA:64,80
LF:3
LH:3
BRF:0
BRH:0
end_of_record
TN:
SF:src\components\Header.jsx
FN:10,Header
FN:11,(anonymous_1)
FN:23,toggleSidebar
FN:27,handleLogin
FN:42,(anonymous_4)
FNF:5
FNH:4
FNDA:5,Header
FNDA:9,(anonymous_1)
FNDA:0,toggleSidebar
FNDA:1,handleLogin
FNDA:20,(anonymous_4)
DA:11,9
DA:13,5
DA:20,5
DA:21,5
DA:24,0
DA:28,1
DA:31,5
DA:33,5
DA:43,20
LF:9
LH:8
BRDA:53,0,0,1
BRDA:53,0,1,4
BRDA:65,1,0,5
BRDA:65,1,1,0
BRF:4
BRH:3
end_of_record
TN:
SF:src\components\Home.jsx
FN:13,Home
FN:22,(anonymous_1)
FN:26,fetchData
FN:37,(anonymous_3)
FN:38,(anonymous_4)
FN:41,(anonymous_5)
FN:77,(anonymous_6)
FN:93,(anonymous_7)
FN:101,(anonymous_8)
FNF:9
FNH:8
FNDA:4,Home
FNDA:2,(anonymous_1)
FNDA:2,fetchData
FNDA:24,(anonymous_3)
FNDA:4,(anonymous_4)
FNDA:40,(anonymous_5)
FNDA:0,(anonymous_6)
FNDA:16,(anonymous_7)
FNDA:22,(anonymous_8)
DA:14,4
DA:16,4
DA:17,4
DA:18,4
DA:19,4
DA:20,4
DA:22,4
DA:23,2
DA:27,2
DA:28,2
DA:29,2
DA:31,2
DA:33,2
DA:36,2
DA:37,24
DA:38,4
DA:41,40
DA:46,2
DA:47,2
DA:49,0
DA:51,2
DA:55,4
DA:56,4
DA:57,0
DA:64,4
DA:77,0
DA:93,16
DA:102,22
LF:28
LH:25
BRDA:36,0,0,2
BRDA:36,0,1,0
BRDA:41,1,0,2
BRDA:41,1,1,0
BRDA:43,2,0,40
BRDA:43,2,1,0
BRDA:56,3,0,0
BRDA:56,3,1,4
BRDA:90,4,0,2
BRDA:90,4,1,2
BRDA:94,5,0,0
BRDA:94,5,1,2
BRDA:96,6,0,0
BRDA:96,6,1,2
BRDA:108,7,0,0
BRDA:108,7,1,22
BRF:16
BRH:9
end_of_record
TN:
SF:src\components\ItemFilter.jsx
FN:3,ItemFilter
FN:4,priceFilter
FN:10,(anonymous_2)
FN:12,(anonymous_3)
FNF:4
FNH:1
FNDA:4,ItemFilter
FNDA:0,priceFilter
FNDA:0,(anonymous_2)
FNDA:0,(anonymous_3)
DA:5,0
DA:7,0
DA:9,0
DA:10,0
DA:11,0
DA:12,0
DA:15,0
DA:18,4
LF:8
LH:1
BRDA:9,0,0,0
BRDA:9,0,1,0
BRDA:11,1,0,0
BRDA:11,1,1,0
BRF:4
BRH:0
end_of_record
TN:
SF:src\components\PromotedLabel.jsx
FN:4,(anonymous_0)
FN:5,(anonymous_1)
FNF:2
FNH:2
FNDA:5,(anonymous_0)
FNDA:1,(anonymous_1)
DA:4,2
DA:5,5
DA:6,1
LF:3
LH:3
BRF:0
BRH:0
end_of_record
TN:
SF:src\components\RestaurantCard.jsx
FN:3,RestaurantCard
FNF:1
FNH:1
FNDA:24,RestaurantCard
DA:5,24
DA:7,24
DA:9,24
DA:11,24
DA:13,24
LF:5
LH:5
BRF:0
BRH:0
end_of_record
TN:
SF:src\components\SearchBar.jsx
FN:3,SearchBar
FN:6,searchFilter
FN:7,(anonymous_2)
FN:20,(anonymous_3)
FN:21,(anonymous_4)
FNF:5
FNH:4
FNDA:5,SearchBar
FNDA:1,searchFilter
FNDA:20,(anonymous_2)
FNDA:1,(anonymous_3)
FNDA:0,(anonymous_4)
DA:4,5
DA:7,1
DA:8,20
DA:10,1
DA:12,5
DA:20,1
DA:22,0
DA:23,0
LF:8
LH:6
BRDA:22,0,0,0
BRDA:22,0,1,0
BRF:2
BRH:0
end_of_record
TN:
SF:src\components\Shimmer.jsx
FN:1,Shimmer
FNF:1
FNH:1
FNDA:16,Shimmer
DA:2,16
LF:1
LH:1
BRF:0
BRH:0
end_of_record
TN:
SF:src\components\SideBar.jsx
FN:5,SideBar
FN:15,(anonymous_1)
FNF:2
FNH:0
FNDA:0,SideBar
FNDA:0,(anonymous_1)
DA:6,0
DA:16,0
LF:2
LH:0
BRF:0
BRH:0
end_of_record
TN:
SF:src\components\sum.jsx
FN:1,(anonymous_0)
FNF:1
FNH:1
FNDA:1,(anonymous_0)
DA:1,1
DA:2,1
LF:2
LH:2
BRF:0
BRH:0
end_of_record
TN:
SF:src\mocks\fetchMock.js
FN:1,(anonymous_0)
FN:2,(anonymous_1)
FN:4,(anonymous_2)
FNF:3
FNH:3
FNDA:2,(anonymous_0)
FNDA:2,(anonymous_1)
FNDA:2,(anonymous_2)
DA:1,1
DA:2,2
DA:3,2
DA:5,2
LF:4
LH:4
BRF:0
BRH:0
end_of_record
TN:
SF:src\utils\appStore.jsx
FNF:0
FNH:0
DA:4,1
LF:1
LH:1
BRF:0
BRH:0
end_of_record
TN:
SF:src\utils\cartSlice.jsx
FN:9,(anonymous_0)
FN:13,(anonymous_1)
FN:17,(anonymous_2)
FNF:3
FNH:0
FNDA:0,(anonymous_0)
FNDA:0,(anonymous_1)
FNDA:0,(anonymous_2)
DA:3,1
DA:11,0
DA:14,0
DA:20,0
DA:25,1
LF:5
LH:2
BRF:0
BRH:0
end_of_record
TN:
SF:src\utils\constants.jsx
FNF:0
FNH:0
DA:2,3
DA:4,3
DA:6,3
DA:9,3
LF:4
LH:4
BRF:0
BRH:0
end_of_record
TN:
SF:src\utils\useOnlineStatus.jsx
FN:3,useOnlineStatus
FN:6,(anonymous_1)
FN:7,(anonymous_2)
FN:11,(anonymous_3)
FNF:4
FNH:2
FNDA:4,useOnlineStatus
FNDA:2,(anonymous_1)
FNDA:0,(anonymous_2)
FNDA:0,(anonymous_3)
DA:4,4
DA:6,4
DA:7,2
DA:8,0
DA:11,2
DA:12,0
DA:16,4
LF:7
LH:5
BRF:0
BRH:0
end_of_record
TN:
SF:src\utils\userContext.jsx
FNF:0
FNH:0
DA:3,2
LF:1
LH:1
BRF:0
BRH:0
end_of_record
