TN:
SF:src\components\RestaurantMenu.jsx
FN:8,RestaurantMenu
FN:16,(anonymous_1)
FN:19,(anonymous_2)
FN:32,(anonymous_3)
FN:35,(anonymous_4)
FN:59,(anonymous_5)
FNF:6
FNH:1
FNDA:2,RestaurantMenu
FNDA:0,(anonymous_1)
FNDA:0,(anonymous_2)
FNDA:0,(anonymous_3)
FNDA:0,(anonymous_4)
FNDA:0,(anonymous_5)
DA:9,2
DA:10,2
DA:12,2
DA:14,2
DA:16,1
DA:19,1
DA:20,0
DA:22,0
DA:29,1
DA:31,1
DA:32,0
DA:35,1
DA:38,1
DA:40,1
DA:60,0
LF:15
LH:11
BRDA:14,0,0,1
BRDA:14,0,1,1
BRDA:23,1,0,0
BRDA:23,1,1,0
BRDA:38,2,0,1
BRDA:38,2,1,1
BRF:6
BRH:4
end_of_record
TN:
SF:src\mocks\fetchMock.js
FN:1,(anonymous_0)
FN:2,(anonymous_1)
FN:4,(anonymous_2)
FNF:3
FNH:3
FNDA:3,(anonymous_0)
FNDA:3,(anonymous_1)
FNDA:3,(anonymous_2)
DA:1,2
DA:2,3
DA:3,3
DA:4,3
LF:4
LH:4
BRF:0
BRH:0
end_of_record
